<plugin name="CustomExtension"
        displayName="CustomExtension"
        xmlns:xsi="http://www.w3.org/2001/XMLSchema-instance"
        xmlns="urn:xmlns:rhq-plugin"
        xmlns:c="urn:xmlns:rhq-configuration">

   <depends plugin="Tomcat" />

   <server name="CustomServer"
           discovery="CustomDiscoveryComponent"
           class="CustomServerComponent">
     
      <server name="CustomEmbeddedTomcatServer"
              sourcePlugin="Tomcat"
              sourceType="TomcatServer"
              discovery="CustomTomcatDiscoveryComponent"
              class="CustomTomcatServerComponent">
      </server>
      
   </server>
</plugin>